<?xml version="1.0" encoding="UTF-8"?>
<testsuite xmlns:xsi="http://www.w3.org/2001/XMLSchema-instance" xsi:noNamespaceSchemaLocation="https://maven.apache.org/surefire/maven-surefire-plugin/xsd/surefire-test-report.xsd" name="com.samm.trippytravel.service.TripServiceTest" time="1.836" tests="3" errors="0" skipped="0" failures="0">
  <properties>
[...]
</properties>
  <testcase name="addTrip" classname="com.samm.trippytravel.service.TripServiceTest" time="0.068"/>
  <testcase name="updateTrip" classname="com.samm.trippytravel.service.TripServiceTest" time="0.003"/>
  <testcase name="getTrips" classname="com.samm.trippytravel.service.TripServiceTest" time="0.005"/>
</testsuite>